
For module: /home/user1/devel/cxt1110/control1/FOR.ll
Function report: 
------------------------------------------------------------------------------------------
|       Function       ||      Num Ops       ||    Dynamic mem     ||     Num Flops      |
------------------------------------------------------------------------------------------
|         foo          ||         18         ||         0          ||         0          |
------------------------------------------------------------------------------------------


Float point operations per function report: 
-------------------------------------------------------------------------------------------------------------------------------------
|    Function     ||      Adds       ||      Subs       || Multiplications ||      Divs       ||      Mods       ||  Comparations   |
-------------------------------------------------------------------------------------------------------------------------------------
|       foo       ||        0        ||        0        ||        0        ||        0        ||        0        ||        0        |
-------------------------------------------------------------------------------------------------------------------------------------


Function dynamic variables: 
----------------------------------------------------------------------

Function: foo
----------------------------------------------------------------------
|         Variable         ||  NoMalloc  ||   NoFree   ||Malloc&Free |
----------------------------------------------------------------------



Datos globales: 
Reserva de memoria total: 0
Número de instrucciones totales: 18
Número de instrucciones en punto flotante: 0
Media de instrucciones por función: 18
Media de instrucciones en punto flotante por instrucción: 0
