
For module: /home/user1/devel/cxt1110/control1/FOR2.ll
Function report: 
------------------------------------------------------------------------------------------
|       Function       ||      Num Ops       ||    Dynamic mem     ||     Num Flops      |
------------------------------------------------------------------------------------------
|         foo          ||         6          ||         0          ||         0          |
------------------------------------------------------------------------------------------
|         foo2         ||         16         ||         0          ||         0          |
------------------------------------------------------------------------------------------
|         foo3         ||         11         ||         0          ||         0          |
------------------------------------------------------------------------------------------


Float point operations per function report: 
-------------------------------------------------------------------------------------------------------------------------------------
|    Function     ||      Adds       ||      Subs       || Multiplications ||      Divs       ||      Mods       ||  Comparations   |
-------------------------------------------------------------------------------------------------------------------------------------
|       foo       ||        0        ||        0        ||        0        ||        0        ||        0        ||        0        |
-------------------------------------------------------------------------------------------------------------------------------------
|      foo2       ||        0        ||        0        ||        0        ||        0        ||        0        ||        0        |
-------------------------------------------------------------------------------------------------------------------------------------
|      foo3       ||        0        ||        0        ||        0        ||        0        ||        0        ||        0        |
-------------------------------------------------------------------------------------------------------------------------------------


Function dynamic variables: 
----------------------------------------------------------------------

Function: foo
----------------------------------------------------------------------
|         Variable         ||  NoMalloc  ||   NoFree   ||Malloc&Free |
----------------------------------------------------------------------


Function: foo2
----------------------------------------------------------------------
|         Variable         ||  NoMalloc  ||   NoFree   ||Malloc&Free |
----------------------------------------------------------------------


Function: foo3
----------------------------------------------------------------------
|         Variable         ||  NoMalloc  ||   NoFree   ||Malloc&Free |
----------------------------------------------------------------------



Datos globales: 
Reserva de memoria total: 0
Número de instrucciones totales: 33
Número de instrucciones en punto flotante: 0
Media de instrucciones por función: 11
Media de instrucciones en punto flotante por instrucción: 0
